<?xml version="1.0" encoding="UTF-8"?>
<!-- Generated by org.testng.reporters.JUnitReportReporter -->
<testsuite hostname="LAPTOP-2T2LLMU3" failures="0" tests="3" name="RestTesting.Trello" time="3.362" errors="0" timestamp="15 Mar 2022 11:26:33 GMT">
  <testcase classname="RestTesting.Trello" name="getBoard" time="0.492"/>
  <testcase classname="RestTesting.Trello" name="createBoard" time="2.178"/>
  <testcase classname="RestTesting.Trello" name="DeleteBoard" time="0.692"/>
</testsuite> <!-- RestTesting.Trello -->
