<?xml version="1.0" encoding="UTF-8"?>
<!-- Generated by org.testng.reporters.JUnitReportReporter -->
<testsuite hostname="LAPTOP-2T2LLMU3" failures="0" tests="2" name="RestTesting.Ecommerce" time="11.432" errors="0" timestamp="15 Mar 2022 11:43:35 GMT">
  <testcase classname="RestTesting.Ecommerce" name="Login" time="3.849"/>
  <testcase classname="RestTesting.Ecommerce" name="signup" time="7.583"/>
</testsuite> <!-- RestTesting.Ecommerce -->
